<?xml version="1.0" encoding="UTF-8"?>
<!-- Generated by org.testng.reporters.JUnitXMLReporter -->
<testsuite hostname="ForeVision" name="Test123" tests="4" failures="0" timestamp="27 Nov 2019 05:38:12 GMT" time="0.045" errors="0">
  <testcase name="userName" time="0.006" classname="testngA.loginPage"/>
  <testcase name="passWord" time="0.002" classname="testngA.loginPage"/>
  <testcase name="loginManager" time="0.002" classname="testngA.loginPage1"/>
  <testcase name="loginUser" time="0.003" classname="testngA.loginPage1"/>
</testsuite> <!-- Test123 -->
