<?xml version="1.0" encoding="UTF-8"?>
<!-- Generated by org.testng.reporters.JUnitXMLReporter -->
<testsuite hostname="ForeVision" name="Test" tests="4" failures="0" timestamp="18 Dec 2019 16:39:05 GMT" time="0.082" errors="0">
  <testcase name="loginManager" time="0.008" classname="testngA.loginPage1"/>
  <testcase name="loginUser" time="0.001" classname="testngA.loginPage1"/>
  <testcase name="userName" time="0.004" classname="testngA.loginPage"/>
  <testcase name="passWord" time="0.03" classname="testngA.loginPage"/>
</testsuite> <!-- Test -->
