<?xml version="1.0" encoding="UTF-8"?>
<!-- Generated by org.testng.reporters.JUnitXMLReporter -->
<testsuite hostname="ForeVision" name="Default test(failed)" tests="5" failures="5" timestamp="12 Dec 2019 14:52:25 GMT" time="3.85" errors="0">
  <testcase name="loginPage" time="1.516" classname="testNgParameters.Dataprovider">
    <failure type="org.openqa.selenium.SessionNotCreatedException" message="session not created: No matching capabilities found
Build info: version: &amp;apos;3.141.59&amp;apos;, revision: &amp;apos;e82be7d358&amp;apos;, time: &amp;apos;2018-11-14T08:25:53&amp;apos;
System info: host: &amp;apos;FOREVISION&amp;apos;, ip: &amp;apos;192.168.233.1&amp;apos;, os.name: &amp;apos;Windows 10&amp;apos;, os.arch: &amp;apos;amd64&amp;apos;, os.version: &amp;apos;10.0&amp;apos;, java.version: &amp;apos;1.8.0_231&amp;apos;
Driver info: driver.version: FirefoxDriver
remote stacktrace: Backtrace:
	Ordinal0 [0x005EA903+1550595]
	Ordinal0 [0x0056A701+1025793]
	Ordinal0 [0x004EC6E5+509669]
	Ordinal0 [0x0049A698+173720]
	Ordinal0 [0x0049A9CA+174538]
	Ordinal0 [0x0049A8ED+174317]
	Ordinal0 [0x00498CDB+167131]
	Ordinal0 [0x0048144A+70730]
	Ordinal0 [0x004824D0+74960]
	Ordinal0 [0x00482469+74857]
	Ordinal0 [0x005842C7+1131207]
	GetHandleVerifier [0x006870FD+523789]
	GetHandleVerifier [0x00686E90+523168]
	GetHandleVerifier [0x0068E1E7+552695]
	GetHandleVerifier [0x006878FA+525834]
	Ordinal0 [0x0057B7FC+1095676]
	Ordinal0 [0x0058633B+1139515]
	Ordinal0 [0x005864A3+1139875]
	Ordinal0 [0x00585425+1135653]
	BaseThreadInitThunk [0x75D46359+25]
	RtlGetAppContainerNamedObjectPath [0x77A67B74+228]
	RtlGetAppContainerNamedObjectPath [0x77A67B44+180]
">
      <![CDATA[org.openqa.selenium.SessionNotCreatedException: session not created: No matching capabilities found
Build info: version: '3.141.59', revision: 'e82be7d358', time: '2018-11-14T08:25:53'
System info: host: 'FOREVISION', ip: '192.168.233.1', os.name: 'Windows 10', os.arch: 'amd64', os.version: '10.0', java.version: '1.8.0_231'
Driver info: driver.version: FirefoxDriver
remote stacktrace: Backtrace:
	Ordinal0 [0x005EA903+1550595]
	Ordinal0 [0x0056A701+1025793]
	Ordinal0 [0x004EC6E5+509669]
	Ordinal0 [0x0049A698+173720]
	Ordinal0 [0x0049A9CA+174538]
	Ordinal0 [0x0049A8ED+174317]
	Ordinal0 [0x00498CDB+167131]
	Ordinal0 [0x0048144A+70730]
	Ordinal0 [0x004824D0+74960]
	Ordinal0 [0x00482469+74857]
	Ordinal0 [0x005842C7+1131207]
	GetHandleVerifier [0x006870FD+523789]
	GetHandleVerifier [0x00686E90+523168]
	GetHandleVerifier [0x0068E1E7+552695]
	GetHandleVerifier [0x006878FA+525834]
	Ordinal0 [0x0057B7FC+1095676]
	Ordinal0 [0x0058633B+1139515]
	Ordinal0 [0x005864A3+1139875]
	Ordinal0 [0x00585425+1135653]
	BaseThreadInitThunk [0x75D46359+25]
	RtlGetAppContainerNamedObjectPath [0x77A67B74+228]
	RtlGetAppContainerNamedObjectPath [0x77A67B44+180]

	at org.openqa.selenium.remote.W3CHandshakeResponse.lambda$errorHandler$0(W3CHandshakeResponse.java:62)
	at org.openqa.selenium.remote.HandshakeResponse.lambda$getResponseFunction$0(HandshakeResponse.java:30)
	at org.openqa.selenium.remote.ProtocolHandshake.lambda$createSession$0(ProtocolHandshake.java:126)
	at java.util.stream.ReferencePipeline$3$1.accept(ReferencePipeline.java:193)
	at java.util.Spliterators$ArraySpliterator.tryAdvance(Spliterators.java:958)
	at java.util.stream.ReferencePipeline.forEachWithCancel(ReferencePipeline.java:126)
	at java.util.stream.AbstractPipeline.copyIntoWithCancel(AbstractPipeline.java:499)
	at java.util.stream.AbstractPipeline.copyInto(AbstractPipeline.java:486)
	at java.util.stream.AbstractPipeline.wrapAndCopyInto(AbstractPipeline.java:472)
	at java.util.stream.FindOps$FindOp.evaluateSequential(FindOps.java:152)
	at java.util.stream.AbstractPipeline.evaluate(AbstractPipeline.java:234)
	at java.util.stream.ReferencePipeline.findFirst(ReferencePipeline.java:464)
	at org.openqa.selenium.remote.ProtocolHandshake.createSession(ProtocolHandshake.java:128)
	at org.openqa.selenium.remote.ProtocolHandshake.createSession(ProtocolHandshake.java:74)
	at org.openqa.selenium.remote.HttpCommandExecutor.execute(HttpCommandExecutor.java:136)
	at org.openqa.selenium.remote.service.DriverCommandExecutor.execute(DriverCommandExecutor.java:83)
	at org.openqa.selenium.remote.RemoteWebDriver.execute(RemoteWebDriver.java:552)
	at org.openqa.selenium.remote.RemoteWebDriver.startSession(RemoteWebDriver.java:213)
	at org.openqa.selenium.remote.RemoteWebDriver.<init>(RemoteWebDriver.java:131)
	at org.openqa.selenium.firefox.FirefoxDriver.<init>(FirefoxDriver.java:147)
	at org.openqa.selenium.firefox.FirefoxDriver.<init>(FirefoxDriver.java:125)
	at testNgParameters.Dataprovider.loginPage(Dataprovider.java:52)
... Removed 29 stack frames]]>
    </failure>
  </testcase> <!-- loginPage -->
  <testcase name="loginPage" time="0.536" classname="testNgParameters.Dataprovider">
    <failure type="org.openqa.selenium.SessionNotCreatedException" message="session not created: No matching capabilities found
Build info: version: &amp;apos;3.141.59&amp;apos;, revision: &amp;apos;e82be7d358&amp;apos;, time: &amp;apos;2018-11-14T08:25:53&amp;apos;
System info: host: &amp;apos;FOREVISION&amp;apos;, ip: &amp;apos;192.168.233.1&amp;apos;, os.name: &amp;apos;Windows 10&amp;apos;, os.arch: &amp;apos;amd64&amp;apos;, os.version: &amp;apos;10.0&amp;apos;, java.version: &amp;apos;1.8.0_231&amp;apos;
Driver info: driver.version: FirefoxDriver
remote stacktrace: Backtrace:
	Ordinal0 [0x005EA903+1550595]
	Ordinal0 [0x0056A701+1025793]
	Ordinal0 [0x004EC6E5+509669]
	Ordinal0 [0x0049A698+173720]
	Ordinal0 [0x0049A9CA+174538]
	Ordinal0 [0x0049A8ED+174317]
	Ordinal0 [0x00498CDB+167131]
	Ordinal0 [0x0048144A+70730]
	Ordinal0 [0x004824D0+74960]
	Ordinal0 [0x00482469+74857]
	Ordinal0 [0x005842C7+1131207]
	GetHandleVerifier [0x006870FD+523789]
	GetHandleVerifier [0x00686E90+523168]
	GetHandleVerifier [0x0068E1E7+552695]
	GetHandleVerifier [0x006878FA+525834]
	Ordinal0 [0x0057B7FC+1095676]
	Ordinal0 [0x0058633B+1139515]
	Ordinal0 [0x005864A3+1139875]
	Ordinal0 [0x00585425+1135653]
	BaseThreadInitThunk [0x75D46359+25]
	RtlGetAppContainerNamedObjectPath [0x77A67B74+228]
	RtlGetAppContainerNamedObjectPath [0x77A67B44+180]
">
      <![CDATA[org.openqa.selenium.SessionNotCreatedException: session not created: No matching capabilities found
Build info: version: '3.141.59', revision: 'e82be7d358', time: '2018-11-14T08:25:53'
System info: host: 'FOREVISION', ip: '192.168.233.1', os.name: 'Windows 10', os.arch: 'amd64', os.version: '10.0', java.version: '1.8.0_231'
Driver info: driver.version: FirefoxDriver
remote stacktrace: Backtrace:
	Ordinal0 [0x005EA903+1550595]
	Ordinal0 [0x0056A701+1025793]
	Ordinal0 [0x004EC6E5+509669]
	Ordinal0 [0x0049A698+173720]
	Ordinal0 [0x0049A9CA+174538]
	Ordinal0 [0x0049A8ED+174317]
	Ordinal0 [0x00498CDB+167131]
	Ordinal0 [0x0048144A+70730]
	Ordinal0 [0x004824D0+74960]
	Ordinal0 [0x00482469+74857]
	Ordinal0 [0x005842C7+1131207]
	GetHandleVerifier [0x006870FD+523789]
	GetHandleVerifier [0x00686E90+523168]
	GetHandleVerifier [0x0068E1E7+552695]
	GetHandleVerifier [0x006878FA+525834]
	Ordinal0 [0x0057B7FC+1095676]
	Ordinal0 [0x0058633B+1139515]
	Ordinal0 [0x005864A3+1139875]
	Ordinal0 [0x00585425+1135653]
	BaseThreadInitThunk [0x75D46359+25]
	RtlGetAppContainerNamedObjectPath [0x77A67B74+228]
	RtlGetAppContainerNamedObjectPath [0x77A67B44+180]

	at org.openqa.selenium.remote.W3CHandshakeResponse.lambda$errorHandler$0(W3CHandshakeResponse.java:62)
	at org.openqa.selenium.remote.HandshakeResponse.lambda$getResponseFunction$0(HandshakeResponse.java:30)
	at org.openqa.selenium.remote.ProtocolHandshake.lambda$createSession$0(ProtocolHandshake.java:126)
	at java.util.stream.ReferencePipeline$3$1.accept(ReferencePipeline.java:193)
	at java.util.Spliterators$ArraySpliterator.tryAdvance(Spliterators.java:958)
	at java.util.stream.ReferencePipeline.forEachWithCancel(ReferencePipeline.java:126)
	at java.util.stream.AbstractPipeline.copyIntoWithCancel(AbstractPipeline.java:499)
	at java.util.stream.AbstractPipeline.copyInto(AbstractPipeline.java:486)
	at java.util.stream.AbstractPipeline.wrapAndCopyInto(AbstractPipeline.java:472)
	at java.util.stream.FindOps$FindOp.evaluateSequential(FindOps.java:152)
	at java.util.stream.AbstractPipeline.evaluate(AbstractPipeline.java:234)
	at java.util.stream.ReferencePipeline.findFirst(ReferencePipeline.java:464)
	at org.openqa.selenium.remote.ProtocolHandshake.createSession(ProtocolHandshake.java:128)
	at org.openqa.selenium.remote.ProtocolHandshake.createSession(ProtocolHandshake.java:74)
	at org.openqa.selenium.remote.HttpCommandExecutor.execute(HttpCommandExecutor.java:136)
	at org.openqa.selenium.remote.service.DriverCommandExecutor.execute(DriverCommandExecutor.java:83)
	at org.openqa.selenium.remote.RemoteWebDriver.execute(RemoteWebDriver.java:552)
	at org.openqa.selenium.remote.RemoteWebDriver.startSession(RemoteWebDriver.java:213)
	at org.openqa.selenium.remote.RemoteWebDriver.<init>(RemoteWebDriver.java:131)
	at org.openqa.selenium.firefox.FirefoxDriver.<init>(FirefoxDriver.java:147)
	at org.openqa.selenium.firefox.FirefoxDriver.<init>(FirefoxDriver.java:125)
	at testNgParameters.Dataprovider.loginPage(Dataprovider.java:52)
... Removed 29 stack frames]]>
    </failure>
  </testcase> <!-- loginPage -->
  <testcase name="loginPage" time="0.575" classname="testNgParameters.Dataprovider">
    <failure type="org.openqa.selenium.SessionNotCreatedException" message="session not created: No matching capabilities found
Build info: version: &amp;apos;3.141.59&amp;apos;, revision: &amp;apos;e82be7d358&amp;apos;, time: &amp;apos;2018-11-14T08:25:53&amp;apos;
System info: host: &amp;apos;FOREVISION&amp;apos;, ip: &amp;apos;192.168.233.1&amp;apos;, os.name: &amp;apos;Windows 10&amp;apos;, os.arch: &amp;apos;amd64&amp;apos;, os.version: &amp;apos;10.0&amp;apos;, java.version: &amp;apos;1.8.0_231&amp;apos;
Driver info: driver.version: FirefoxDriver
remote stacktrace: Backtrace:
	Ordinal0 [0x005EA903+1550595]
	Ordinal0 [0x0056A701+1025793]
	Ordinal0 [0x004EC6E5+509669]
	Ordinal0 [0x0049A698+173720]
	Ordinal0 [0x0049A9CA+174538]
	Ordinal0 [0x0049A8ED+174317]
	Ordinal0 [0x00498CDB+167131]
	Ordinal0 [0x0048144A+70730]
	Ordinal0 [0x004824D0+74960]
	Ordinal0 [0x00482469+74857]
	Ordinal0 [0x005842C7+1131207]
	GetHandleVerifier [0x006870FD+523789]
	GetHandleVerifier [0x00686E90+523168]
	GetHandleVerifier [0x0068E1E7+552695]
	GetHandleVerifier [0x006878FA+525834]
	Ordinal0 [0x0057B7FC+1095676]
	Ordinal0 [0x0058633B+1139515]
	Ordinal0 [0x005864A3+1139875]
	Ordinal0 [0x00585425+1135653]
	BaseThreadInitThunk [0x75D46359+25]
	RtlGetAppContainerNamedObjectPath [0x77A67B74+228]
	RtlGetAppContainerNamedObjectPath [0x77A67B44+180]
">
      <![CDATA[org.openqa.selenium.SessionNotCreatedException: session not created: No matching capabilities found
Build info: version: '3.141.59', revision: 'e82be7d358', time: '2018-11-14T08:25:53'
System info: host: 'FOREVISION', ip: '192.168.233.1', os.name: 'Windows 10', os.arch: 'amd64', os.version: '10.0', java.version: '1.8.0_231'
Driver info: driver.version: FirefoxDriver
remote stacktrace: Backtrace:
	Ordinal0 [0x005EA903+1550595]
	Ordinal0 [0x0056A701+1025793]
	Ordinal0 [0x004EC6E5+509669]
	Ordinal0 [0x0049A698+173720]
	Ordinal0 [0x0049A9CA+174538]
	Ordinal0 [0x0049A8ED+174317]
	Ordinal0 [0x00498CDB+167131]
	Ordinal0 [0x0048144A+70730]
	Ordinal0 [0x004824D0+74960]
	Ordinal0 [0x00482469+74857]
	Ordinal0 [0x005842C7+1131207]
	GetHandleVerifier [0x006870FD+523789]
	GetHandleVerifier [0x00686E90+523168]
	GetHandleVerifier [0x0068E1E7+552695]
	GetHandleVerifier [0x006878FA+525834]
	Ordinal0 [0x0057B7FC+1095676]
	Ordinal0 [0x0058633B+1139515]
	Ordinal0 [0x005864A3+1139875]
	Ordinal0 [0x00585425+1135653]
	BaseThreadInitThunk [0x75D46359+25]
	RtlGetAppContainerNamedObjectPath [0x77A67B74+228]
	RtlGetAppContainerNamedObjectPath [0x77A67B44+180]

	at org.openqa.selenium.remote.W3CHandshakeResponse.lambda$errorHandler$0(W3CHandshakeResponse.java:62)
	at org.openqa.selenium.remote.HandshakeResponse.lambda$getResponseFunction$0(HandshakeResponse.java:30)
	at org.openqa.selenium.remote.ProtocolHandshake.lambda$createSession$0(ProtocolHandshake.java:126)
	at java.util.stream.ReferencePipeline$3$1.accept(ReferencePipeline.java:193)
	at java.util.Spliterators$ArraySpliterator.tryAdvance(Spliterators.java:958)
	at java.util.stream.ReferencePipeline.forEachWithCancel(ReferencePipeline.java:126)
	at java.util.stream.AbstractPipeline.copyIntoWithCancel(AbstractPipeline.java:499)
	at java.util.stream.AbstractPipeline.copyInto(AbstractPipeline.java:486)
	at java.util.stream.AbstractPipeline.wrapAndCopyInto(AbstractPipeline.java:472)
	at java.util.stream.FindOps$FindOp.evaluateSequential(FindOps.java:152)
	at java.util.stream.AbstractPipeline.evaluate(AbstractPipeline.java:234)
	at java.util.stream.ReferencePipeline.findFirst(ReferencePipeline.java:464)
	at org.openqa.selenium.remote.ProtocolHandshake.createSession(ProtocolHandshake.java:128)
	at org.openqa.selenium.remote.ProtocolHandshake.createSession(ProtocolHandshake.java:74)
	at org.openqa.selenium.remote.HttpCommandExecutor.execute(HttpCommandExecutor.java:136)
	at org.openqa.selenium.remote.service.DriverCommandExecutor.execute(DriverCommandExecutor.java:83)
	at org.openqa.selenium.remote.RemoteWebDriver.execute(RemoteWebDriver.java:552)
	at org.openqa.selenium.remote.RemoteWebDriver.startSession(RemoteWebDriver.java:213)
	at org.openqa.selenium.remote.RemoteWebDriver.<init>(RemoteWebDriver.java:131)
	at org.openqa.selenium.firefox.FirefoxDriver.<init>(FirefoxDriver.java:147)
	at org.openqa.selenium.firefox.FirefoxDriver.<init>(FirefoxDriver.java:125)
	at testNgParameters.Dataprovider.loginPage(Dataprovider.java:52)
... Removed 29 stack frames]]>
    </failure>
  </testcase> <!-- loginPage -->
  <testcase name="loginPage" time="0.583" classname="testNgParameters.Dataprovider">
    <failure type="org.openqa.selenium.SessionNotCreatedException" message="session not created: No matching capabilities found
Build info: version: &amp;apos;3.141.59&amp;apos;, revision: &amp;apos;e82be7d358&amp;apos;, time: &amp;apos;2018-11-14T08:25:53&amp;apos;
System info: host: &amp;apos;FOREVISION&amp;apos;, ip: &amp;apos;192.168.233.1&amp;apos;, os.name: &amp;apos;Windows 10&amp;apos;, os.arch: &amp;apos;amd64&amp;apos;, os.version: &amp;apos;10.0&amp;apos;, java.version: &amp;apos;1.8.0_231&amp;apos;
Driver info: driver.version: FirefoxDriver
remote stacktrace: Backtrace:
	Ordinal0 [0x005EA903+1550595]
	Ordinal0 [0x0056A701+1025793]
	Ordinal0 [0x004EC6E5+509669]
	Ordinal0 [0x0049A698+173720]
	Ordinal0 [0x0049A9CA+174538]
	Ordinal0 [0x0049A8ED+174317]
	Ordinal0 [0x00498CDB+167131]
	Ordinal0 [0x0048144A+70730]
	Ordinal0 [0x004824D0+74960]
	Ordinal0 [0x00482469+74857]
	Ordinal0 [0x005842C7+1131207]
	GetHandleVerifier [0x006870FD+523789]
	GetHandleVerifier [0x00686E90+523168]
	GetHandleVerifier [0x0068E1E7+552695]
	GetHandleVerifier [0x006878FA+525834]
	Ordinal0 [0x0057B7FC+1095676]
	Ordinal0 [0x0058633B+1139515]
	Ordinal0 [0x005864A3+1139875]
	Ordinal0 [0x00585425+1135653]
	BaseThreadInitThunk [0x75D46359+25]
	RtlGetAppContainerNamedObjectPath [0x77A67B74+228]
	RtlGetAppContainerNamedObjectPath [0x77A67B44+180]
">
      <![CDATA[org.openqa.selenium.SessionNotCreatedException: session not created: No matching capabilities found
Build info: version: '3.141.59', revision: 'e82be7d358', time: '2018-11-14T08:25:53'
System info: host: 'FOREVISION', ip: '192.168.233.1', os.name: 'Windows 10', os.arch: 'amd64', os.version: '10.0', java.version: '1.8.0_231'
Driver info: driver.version: FirefoxDriver
remote stacktrace: Backtrace:
	Ordinal0 [0x005EA903+1550595]
	Ordinal0 [0x0056A701+1025793]
	Ordinal0 [0x004EC6E5+509669]
	Ordinal0 [0x0049A698+173720]
	Ordinal0 [0x0049A9CA+174538]
	Ordinal0 [0x0049A8ED+174317]
	Ordinal0 [0x00498CDB+167131]
	Ordinal0 [0x0048144A+70730]
	Ordinal0 [0x004824D0+74960]
	Ordinal0 [0x00482469+74857]
	Ordinal0 [0x005842C7+1131207]
	GetHandleVerifier [0x006870FD+523789]
	GetHandleVerifier [0x00686E90+523168]
	GetHandleVerifier [0x0068E1E7+552695]
	GetHandleVerifier [0x006878FA+525834]
	Ordinal0 [0x0057B7FC+1095676]
	Ordinal0 [0x0058633B+1139515]
	Ordinal0 [0x005864A3+1139875]
	Ordinal0 [0x00585425+1135653]
	BaseThreadInitThunk [0x75D46359+25]
	RtlGetAppContainerNamedObjectPath [0x77A67B74+228]
	RtlGetAppContainerNamedObjectPath [0x77A67B44+180]

	at org.openqa.selenium.remote.W3CHandshakeResponse.lambda$errorHandler$0(W3CHandshakeResponse.java:62)
	at org.openqa.selenium.remote.HandshakeResponse.lambda$getResponseFunction$0(HandshakeResponse.java:30)
	at org.openqa.selenium.remote.ProtocolHandshake.lambda$createSession$0(ProtocolHandshake.java:126)
	at java.util.stream.ReferencePipeline$3$1.accept(ReferencePipeline.java:193)
	at java.util.Spliterators$ArraySpliterator.tryAdvance(Spliterators.java:958)
	at java.util.stream.ReferencePipeline.forEachWithCancel(ReferencePipeline.java:126)
	at java.util.stream.AbstractPipeline.copyIntoWithCancel(AbstractPipeline.java:499)
	at java.util.stream.AbstractPipeline.copyInto(AbstractPipeline.java:486)
	at java.util.stream.AbstractPipeline.wrapAndCopyInto(AbstractPipeline.java:472)
	at java.util.stream.FindOps$FindOp.evaluateSequential(FindOps.java:152)
	at java.util.stream.AbstractPipeline.evaluate(AbstractPipeline.java:234)
	at java.util.stream.ReferencePipeline.findFirst(ReferencePipeline.java:464)
	at org.openqa.selenium.remote.ProtocolHandshake.createSession(ProtocolHandshake.java:128)
	at org.openqa.selenium.remote.ProtocolHandshake.createSession(ProtocolHandshake.java:74)
	at org.openqa.selenium.remote.HttpCommandExecutor.execute(HttpCommandExecutor.java:136)
	at org.openqa.selenium.remote.service.DriverCommandExecutor.execute(DriverCommandExecutor.java:83)
	at org.openqa.selenium.remote.RemoteWebDriver.execute(RemoteWebDriver.java:552)
	at org.openqa.selenium.remote.RemoteWebDriver.startSession(RemoteWebDriver.java:213)
	at org.openqa.selenium.remote.RemoteWebDriver.<init>(RemoteWebDriver.java:131)
	at org.openqa.selenium.firefox.FirefoxDriver.<init>(FirefoxDriver.java:147)
	at org.openqa.selenium.firefox.FirefoxDriver.<init>(FirefoxDriver.java:125)
	at testNgParameters.Dataprovider.loginPage(Dataprovider.java:52)
... Removed 29 stack frames]]>
    </failure>
  </testcase> <!-- loginPage -->
  <testcase name="loginPage" time="0.59" classname="testNgParameters.Dataprovider">
    <failure type="org.openqa.selenium.SessionNotCreatedException" message="session not created: No matching capabilities found
Build info: version: &amp;apos;3.141.59&amp;apos;, revision: &amp;apos;e82be7d358&amp;apos;, time: &amp;apos;2018-11-14T08:25:53&amp;apos;
System info: host: &amp;apos;FOREVISION&amp;apos;, ip: &amp;apos;192.168.233.1&amp;apos;, os.name: &amp;apos;Windows 10&amp;apos;, os.arch: &amp;apos;amd64&amp;apos;, os.version: &amp;apos;10.0&amp;apos;, java.version: &amp;apos;1.8.0_231&amp;apos;
Driver info: driver.version: FirefoxDriver
remote stacktrace: Backtrace:
	Ordinal0 [0x005EA903+1550595]
	Ordinal0 [0x0056A701+1025793]
	Ordinal0 [0x004EC6E5+509669]
	Ordinal0 [0x0049A698+173720]
	Ordinal0 [0x0049A9CA+174538]
	Ordinal0 [0x0049A8ED+174317]
	Ordinal0 [0x00498CDB+167131]
	Ordinal0 [0x0048144A+70730]
	Ordinal0 [0x004824D0+74960]
	Ordinal0 [0x00482469+74857]
	Ordinal0 [0x005842C7+1131207]
	GetHandleVerifier [0x006870FD+523789]
	GetHandleVerifier [0x00686E90+523168]
	GetHandleVerifier [0x0068E1E7+552695]
	GetHandleVerifier [0x006878FA+525834]
	Ordinal0 [0x0057B7FC+1095676]
	Ordinal0 [0x0058633B+1139515]
	Ordinal0 [0x005864A3+1139875]
	Ordinal0 [0x00585425+1135653]
	BaseThreadInitThunk [0x75D46359+25]
	RtlGetAppContainerNamedObjectPath [0x77A67B74+228]
	RtlGetAppContainerNamedObjectPath [0x77A67B44+180]
">
      <![CDATA[org.openqa.selenium.SessionNotCreatedException: session not created: No matching capabilities found
Build info: version: '3.141.59', revision: 'e82be7d358', time: '2018-11-14T08:25:53'
System info: host: 'FOREVISION', ip: '192.168.233.1', os.name: 'Windows 10', os.arch: 'amd64', os.version: '10.0', java.version: '1.8.0_231'
Driver info: driver.version: FirefoxDriver
remote stacktrace: Backtrace:
	Ordinal0 [0x005EA903+1550595]
	Ordinal0 [0x0056A701+1025793]
	Ordinal0 [0x004EC6E5+509669]
	Ordinal0 [0x0049A698+173720]
	Ordinal0 [0x0049A9CA+174538]
	Ordinal0 [0x0049A8ED+174317]
	Ordinal0 [0x00498CDB+167131]
	Ordinal0 [0x0048144A+70730]
	Ordinal0 [0x004824D0+74960]
	Ordinal0 [0x00482469+74857]
	Ordinal0 [0x005842C7+1131207]
	GetHandleVerifier [0x006870FD+523789]
	GetHandleVerifier [0x00686E90+523168]
	GetHandleVerifier [0x0068E1E7+552695]
	GetHandleVerifier [0x006878FA+525834]
	Ordinal0 [0x0057B7FC+1095676]
	Ordinal0 [0x0058633B+1139515]
	Ordinal0 [0x005864A3+1139875]
	Ordinal0 [0x00585425+1135653]
	BaseThreadInitThunk [0x75D46359+25]
	RtlGetAppContainerNamedObjectPath [0x77A67B74+228]
	RtlGetAppContainerNamedObjectPath [0x77A67B44+180]

	at org.openqa.selenium.remote.W3CHandshakeResponse.lambda$errorHandler$0(W3CHandshakeResponse.java:62)
	at org.openqa.selenium.remote.HandshakeResponse.lambda$getResponseFunction$0(HandshakeResponse.java:30)
	at org.openqa.selenium.remote.ProtocolHandshake.lambda$createSession$0(ProtocolHandshake.java:126)
	at java.util.stream.ReferencePipeline$3$1.accept(ReferencePipeline.java:193)
	at java.util.Spliterators$ArraySpliterator.tryAdvance(Spliterators.java:958)
	at java.util.stream.ReferencePipeline.forEachWithCancel(ReferencePipeline.java:126)
	at java.util.stream.AbstractPipeline.copyIntoWithCancel(AbstractPipeline.java:499)
	at java.util.stream.AbstractPipeline.copyInto(AbstractPipeline.java:486)
	at java.util.stream.AbstractPipeline.wrapAndCopyInto(AbstractPipeline.java:472)
	at java.util.stream.FindOps$FindOp.evaluateSequential(FindOps.java:152)
	at java.util.stream.AbstractPipeline.evaluate(AbstractPipeline.java:234)
	at java.util.stream.ReferencePipeline.findFirst(ReferencePipeline.java:464)
	at org.openqa.selenium.remote.ProtocolHandshake.createSession(ProtocolHandshake.java:128)
	at org.openqa.selenium.remote.ProtocolHandshake.createSession(ProtocolHandshake.java:74)
	at org.openqa.selenium.remote.HttpCommandExecutor.execute(HttpCommandExecutor.java:136)
	at org.openqa.selenium.remote.service.DriverCommandExecutor.execute(DriverCommandExecutor.java:83)
	at org.openqa.selenium.remote.RemoteWebDriver.execute(RemoteWebDriver.java:552)
	at org.openqa.selenium.remote.RemoteWebDriver.startSession(RemoteWebDriver.java:213)
	at org.openqa.selenium.remote.RemoteWebDriver.<init>(RemoteWebDriver.java:131)
	at org.openqa.selenium.firefox.FirefoxDriver.<init>(FirefoxDriver.java:147)
	at org.openqa.selenium.firefox.FirefoxDriver.<init>(FirefoxDriver.java:125)
	at testNgParameters.Dataprovider.loginPage(Dataprovider.java:52)
... Removed 29 stack frames]]>
    </failure>
  </testcase> <!-- loginPage -->
</testsuite> <!-- Default test(failed) -->
